###############################################################
#  Generated by:      Cadence Innovus 25.13-s088_1
#  OS:                Linux x86_64(Host ID vlsi.iitgn.ac.in)
#  Generated on:      Mon Jun  1 15:34:31 2026
#  Design:            riscv_top
#  Command:           checkPlace ../reports/check_place.rpt
###############################################################

#########################################################
## Total instances with placement violations: 43
#########################################################

## Insts placed overlapping with other insts (43) ##
#########################################################
### 43 Overlapping with other instance>
set pchkOverlapList [list \
	{FE_OFC246_op_b_0} \
	{FE_OFC245_op_b_0} \
	{FE_OFC244_op_b_0} \
	{FE_OFC243_op_b_0} \
	{FE_OFC242_op_b_0} \
	{u_rf/FE_OFC248_n_18} \
	{u_rf/FE_OFC247_n_1164} \
	{u_rf/FE_OFC241_n_19} \
	{u_rf/FE_OFC240_n_44} \
	{u_rf/FE_OFC239_n_1153} \
	{u_rf/FE_OFC238_n_1132} \
	{u_rf/FE_OFC237_n_1189} \
	{u_rf/FE_OFC236_n_1216} \
	{u_rf/FE_OFC235_n_1221} \
	{u_rf/FE_OFC234_n_47} \
	{u_rf/FE_OFC231_n_78} \
	{u_rf/FE_OFC230_n_80} \
	{u_rf/FE_OFC229_n_82} \
	{u_rf/FE_OFC228_n_91} \
	{u_rf/FE_OFC93_n_75} \
	{u_rf/regs_reg[25][5]} \
	{u_rf/regs_reg[27][5]} \
	{u_rf/g20664} \
	{u_rf/g21285} \
	{u_rf/g21461} \
	{u_rf/g21649} \
	{u_rf/g21656} \
	{u_rf/g21659} \
	{u_rf/g21669} \
	{u_rf/g639__8428} \
	{u_rf/g660__2346} \
	{u_rf/g679__2883} \
	{u_rf/g685__6417} \
	{u_rf/g3715__4733} \
	{u_rf/g3719__2883} \
	{u_rf/g3544__4319} \
	{u_rf/g3651__6417} \
	{u_rf/g3667__6131} \
	{u_rf/g3687} \
	{u_alu_srl_83_46_g2364} \
	{u_alu_srl_83_46_g2365} \
	{u_alu_srl_83_46_g2366} \
	{u_alu_srl_83_46_g2283} \
	]

## Summary: 
#########################################################
## Number of Placed Instances = 4352
## Number of Unplaced Instances = 0
## Placement Density:63.65%(158477/248960)
## Placement Density (including fixed std cells):63.65%(158477/248960)
