###############################################################
#  Generated by:      Cadence Innovus 25.13-s088_1
#  OS:                Linux x86_64(Host ID vlsi.iitgn.ac.in)
#  Generated on:      Mon Jun  1 15:34:31 2026
#  Design:            riscv_top
#  Command:           verifyConnectivity -type special -report ../reports/verify_place_pdn.rpt
###############################################################
Verify Connectivity Report is created on Mon Jun  1 15:34:31 2026



Net u_rf/FE_OFN1196_n_18: no routing
Net u_rf/FE_OFN1195_n: no routing
Net FE_OFN173_n: no routing
Net FE_OFN172_n: no routing
Net FE_OFN171_n: no routing
Net FE_OFN170_n: no routing
Net FE_OFN169_n: no routing
Net u_rf/FE_OFN168_n_19: no routing
Net u_rf/FE_OFN167_n_44: no routing
Net u_rf/FE_OFN165_n_20: no routing
Net FE_OFN164_op_b_3: no routing
Net FE_OFN163_op_b_4: no routing
Net u_rf/FE_OFN162_n_1225: no routing
Net u_rf/FE_OFN161_n_1224: no routing
Net u_rf/FE_OFN160_n_1221: no routing
Net u_rf/FE_OFN159_n_1220: no routing
Net u_rf/FE_OFN158_n_1218: no routing
Net u_rf/FE_OFN157_n_1217: no routing
Net u_rf/FE_OFN156_n_1216: no routing
Net u_rf/FE_OFN153_n_1210: no routing
Net u_rf/FE_OFN152_n_1209: no routing
Net u_rf/FE_OFN151_n_1208: no routing
Net u_rf/FE_OFN150_n_1206: no routing
Net u_rf/FE_OFN149_n_1205: no routing
Net u_rf/FE_OFN148_n_1204: no routing
Net u_rf/FE_OFN147_n_1202: no routing
Net u_rf/FE_OFN146_n_1201: no routing
Net u_rf/FE_OFN145_n_1200: no routing
Net u_rf/FE_OFN144_n_1198: no routing
Net u_rf/FE_OFN143_n_1197: no routing
Net u_rf/FE_OFN142_n_1196: no routing
Net u_rf/FE_OFN141_n_1195: no routing
Net u_rf/FE_OFN140_n_1194: no routing
Net u_rf/FE_OFN139_n_1193: no routing
Net u_rf/FE_OFN138_n_1192: no routing
Net u_rf/FE_OFN137_n_1189: no routing
Net u_rf/FE_OFN136_n_1188: no routing
Net u_rf/FE_OFN135_n_1186: no routing
Net u_rf/FE_OFN134_n_1185: no routing
Net u_rf/FE_OFN133_n_1184: no routing
Net u_rf/FE_OFN130_n_1178: no routing
Net u_rf/FE_OFN129_n_1177: no routing
Net u_rf/FE_OFN128_n_1176: no routing
Net u_rf/FE_OFN127_n_1174: no routing
Net u_rf/FE_OFN126_n_1173: no routing
Net u_rf/FE_OFN125_n_1172: no routing
Net u_rf/FE_OFN124_n_1170: no routing
Net u_rf/FE_OFN123_n_1169: no routing
Net u_rf/FE_OFN122_n_1168: no routing
Net u_rf/FE_OFN121_n_1166: no routing
Net u_rf/FE_OFN120_n_1165: no routing
Net u_rf/FE_OFN119_n_1164: no routing
Net u_rf/FE_OFN118_n_1163: no routing
Net u_rf/FE_OFN117_n_1162: no routing
Net u_rf/FE_OFN116_n_1161: no routing
Net u_rf/FE_OFN115_n_1160: no routing
Net u_rf/FE_OFN114_n_1157: no routing
Net u_rf/FE_OFN113_n_1156: no routing
Net u_rf/FE_OFN112_n_1154: no routing
Net u_rf/FE_OFN111_n_1153: no routing
Net u_rf/FE_OFN110_n_1152: no routing
Net u_rf/FE_OFN107_n_1146: no routing
Net u_rf/FE_OFN106_n_1145: no routing
Net u_rf/FE_OFN105_n_1144: no routing
Net u_rf/FE_OFN104_n_1142: no routing
Net u_rf/FE_OFN103_n_1141: no routing
Net u_rf/FE_OFN102_n_1140: no routing
Net u_rf/FE_OFN101_n_1138: no routing
Net u_rf/FE_OFN100_n_1137: no routing
Net u_rf/FE_OFN99_n_1136: no routing
Net u_rf/FE_OFN98_n_1134: no routing
Net u_rf/FE_OFN97_n_1133: no routing
Net u_rf/FE_OFN96_n_1132: no routing
Net u_rf/FE_OFN95_n_1131: no routing
Net u_rf/FE_OFN94_n_1130: no routing
Net u_rf/FE_OFN93_n_1119: no routing
Net u_rf/FE_OFN90_n_98: no routing
Net u_rf/FE_OFN89_n_97: no routing
Net u_rf/FE_OFN88_n_95: no routing
Net u_rf/FE_OFN87_n_94: no routing
Net u_rf/FE_OFN85_n_91: no routing
Net u_rf/FE_OFN82_n_88: no routing
Net u_rf/FE_OFN80_n_86: no routing
Net u_rf/FE_OFN79_n_84: no routing
Net u_rf/FE_OFN78_n_83: no routing
Net u_rf/FE_OFN77_n_82: no routing
Net u_rf/FE_OFN76_n_81: no routing
Net u_rf/FE_OFN75_n_80: no routing
Net u_rf/FE_OFN74_n_78: no routing
Net u_rf/FE_OFN73_n_77: no routing
Net u_rf/FE_OFN72_n_75: no routing
Net u_rf/FE_OFN71_n_74: no routing
Net u_rf/FE_OFN69_n_72: no routing
Net u_rf/FE_OFN68_n_71: no routing
Net u_rf/FE_OFN65_n_68: no routing
Net u_rf/FE_OFN64_n_67: no routing
Net u_rf/FE_OFN61_n_62: no routing
Net u_rf/FE_OFN60_n_61: no routing
Net u_rf/FE_OFN57_n_58: no routing
Net u_rf/FE_OFN56_n_57: no routing
Net u_rf/FE_OFN51_n_52: no routing
Net u_rf/FE_OFN50_n_51: no routing
Net u_rf/FE_OFN49_n_50: no routing
Net u_rf/FE_OFN48_n_49: no routing
Net u_rf/FE_OFN47_n_48: no routing
Net u_rf/FE_OFN46_n_47: no routing
Net u_rf/FE_OFN45_n_46: no routing
Net u_rf/FE_OFN44_n_45: no routing
Net u_rf/FE_OFN42_n_43: no routing
Net u_rf/FE_OFN41_n_42: no routing
Net u_rf/FE_OFN40_n_41: no routing
Net u_rf/FE_OFN37_n_38: no routing
Net FE_OFN33_n_16: no routing
Net FE_OFN32_n_15: no routing
Net FE_OFN31_n_14: no routing
Net FE_OFN30_n_5: no routing
Net FE_OFN29_n_4: no routing
Net FE_OFN28_n_3: no routing
Net FE_OFN27_n_1: no routing
Net FE_OFN26_n_0: no routing
Net FE_OFN25_op_b_0: no routing
Net FE_OFN24_op_b_1: no routing
Net FE_OFN23_op_b_2: no routing
Net FE_OFN22_op_b_2: no routing
Net u_rf/FE_OFN21_alu_result_o_18: no routing
Net u_rf/FE_OFN20_alu_result_o_20: no routing
Net u_rf/FE_OFN19_alu_result_o_22: no routing
Net u_rf/FE_OFN17_FE_DBTN1_n_1124: no routing
Net FE_DBTN13_op_b_4: no routing
Net FE_DBTN12_op_b_3: no routing
Net FE_DBTN11_op_b_2: no routing
Net FE_DBTN10_op_b_2: no routing
Net FE_DBTN9_op_b_1: no routing
Net FE_DBTN8_op_b_1: no routing
Net FE_DBTN7_n_15: no routing
Net FE_DBTN3_n_151: no routing
Net u_rf/FE_DBTN0_n_1124: no routing
Net clk_i: no routing
Net rst_ni: no routing
Net rs1_addr_i[4]: no routing
Net rs1_addr_i[3]: no routing
Net rs1_addr_i[2]: no routing
Net rs1_addr_i[1]: no routing
Net rs1_addr_i[0]: no routing
Net rs2_addr_i[4]: no routing
Net rs2_addr_i[3]: no routing
Net rs2_addr_i[2]: no routing
Net rs2_addr_i[1]: no routing
Net rs2_addr_i[0]: no routing
Net rd_addr_i[4]: no routing
Net rd_addr_i[3]: no routing
Net rd_addr_i[2]: no routing
Net rd_addr_i[1]: no routing
Net rd_addr_i[0]: no routing
Net we_i: no routing
Net imm_i[31]: no routing
Net imm_i[30]: no routing
Net imm_i[29]: no routing
Net imm_i[28]: no routing
Net imm_i[27]: no routing
Net imm_i[26]: no routing
Net imm_i[25]: no routing
Net imm_i[24]: no routing
Net imm_i[23]: no routing
Net imm_i[22]: no routing
Net imm_i[21]: no routing
Net imm_i[20]: no routing
Net imm_i[19]: no routing
Net imm_i[18]: no routing
Net imm_i[17]: no routing
Net imm_i[16]: no routing
Net imm_i[15]: no routing
Net imm_i[14]: no routing
Net imm_i[13]: no routing
Net imm_i[12]: no routing
Net imm_i[11]: no routing
Net imm_i[10]: no routing
Net imm_i[9]: no routing
Net imm_i[8]: no routing
Net imm_i[7]: no routing
Net imm_i[6]: no routing
Net imm_i[5]: no routing
Net imm_i[4]: no routing
Net imm_i[3]: no routing
Net imm_i[2]: no routing
Net imm_i[1]: no routing
Net imm_i[0]: no routing
Net alu_src_b_i: no routing
Net alu_op_i[3]: no routing
Net alu_op_i[2]: no routing
Net alu_op_i[1]: no routing
Net alu_op_i[0]: no routing
Net alu_result_o[31]: no routing
Net alu_result_o[30]: no routing
Net alu_result_o[29]: no routing
Net alu_result_o[28]: no routing
Net alu_result_o[27]: no routing
Net alu_result_o[26]: no routing
Net alu_result_o[25]: no routing
Net alu_result_o[24]: no routing
Net alu_result_o[23]: no routing
Net alu_result_o[22]: no routing
Net alu_result_o[21]: no routing
Net alu_result_o[20]: no routing
Net alu_result_o[19]: no routing
Net alu_result_o[18]: no routing
Net alu_result_o[17]: no routing
Net alu_result_o[16]: no routing
Net alu_result_o[15]: no routing
Net alu_result_o[14]: no routing
Net alu_result_o[13]: no routing
Net alu_result_o[12]: no routing
Net alu_result_o[11]: no routing
Net alu_result_o[10]: no routing
Net alu_result_o[9]: no routing
Net alu_result_o[8]: no routing
Net alu_result_o[7]: no routing
Net alu_result_o[6]: no routing
Net alu_result_o[5]: no routing
Net alu_result_o[4]: no routing
Net alu_result_o[3]: no routing
Net alu_result_o[2]: no routing
Net alu_result_o[1]: no routing
Net alu_result_o[0]: no routing
Net zero_o: no routing
Net overflow_o: no routing
Net carry_o: no routing
Net dbg_addr_i[4]: no routing
Net dbg_addr_i[3]: no routing
Net dbg_addr_i[2]: no routing
Net dbg_addr_i[1]: no routing
Net dbg_addr_i[0]: no routing
Net dbg_data_o[31]: no routing
Net dbg_data_o[30]: no routing
Net dbg_data_o[29]: no routing
Net dbg_data_o[28]: no routing
Net dbg_data_o[27]: no routing
Net dbg_data_o[26]: no routing
Net dbg_data_o[25]: no routing
Net dbg_data_o[24]: no routing
Net dbg_data_o[23]: no routing
Net dbg_data_o[22]: no routing
Net dbg_data_o[21]: no routing
Net dbg_data_o[20]: no routing
Net dbg_data_o[19]: no routing
Net dbg_data_o[18]: no routing
Net dbg_data_o[17]: no routing
Net dbg_data_o[16]: no routing
Net dbg_data_o[15]: no routing
Net dbg_data_o[14]: no routing
Net dbg_data_o[13]: no routing
Net dbg_data_o[12]: no routing
Net dbg_data_o[11]: no routing
Net dbg_data_o[10]: no routing
Net dbg_data_o[9]: no routing
Net dbg_data_o[8]: no routing
Net dbg_data_o[7]: no routing
Net dbg_data_o[6]: no routing
Net dbg_data_o[5]: no routing
Net dbg_data_o[4]: no routing
Net dbg_data_o[3]: no routing
Net dbg_data_o[2]: no routing
Net dbg_data_o[1]: no routing
Net dbg_data_o[0]: no routing
Net rs1_data[31]: no routing
Net rs1_data[30]: no routing
Net rs1_data[29]: no routing
Net rs1_data[28]: no routing
Net rs1_data[27]: no routing
Net rs1_data[26]: no routing
Net rs1_data[25]: no routing
Net rs1_data[24]: no routing
Net rs1_data[23]: no routing
Net rs1_data[22]: no routing
Net rs1_data[21]: no routing
Net rs1_data[20]: no routing
Net rs1_data[19]: no routing
Net rs1_data[18]: no routing
Net rs1_data[17]: no routing
Net rs1_data[16]: no routing
Net rs1_data[15]: no routing
Net rs1_data[14]: no routing
Net rs1_data[13]: no routing
Net rs1_data[12]: no routing
Net rs1_data[11]: no routing
Net rs1_data[10]: no routing
Net rs1_data[9]: no routing
Net rs1_data[8]: no routing
Net rs1_data[7]: no routing
Net rs1_data[6]: no routing
Net rs1_data[5]: no routing
Net rs1_data[4]: no routing
Net rs1_data[3]: no routing
Net rs1_data[2]: no routing
Net rs1_data[1]: no routing
Net rs1_data[0]: no routing
Net op_b[31]: no routing
Net op_b[30]: no routing
Net op_b[29]: no routing
Net op_b[28]: no routing
Net op_b[27]: no routing
Net op_b[26]: no routing
Net op_b[25]: no routing
Net op_b[24]: no routing
Net op_b[23]: no routing
Net op_b[22]: no routing
Net op_b[21]: no routing
Net op_b[20]: no routing
Net op_b[19]: no routing
Net op_b[18]: no routing
Net op_b[17]: no routing
Net op_b[16]: no routing
Net op_b[15]: no routing
Net op_b[14]: no routing
Net op_b[13]: no routing
Net op_b[12]: no routing
Net op_b[11]: no routing
Net op_b[10]: no routing
Net op_b[9]: no routing
Net op_b[8]: no routing
Net op_b[7]: no routing
Net op_b[6]: no routing
Net op_b[5]: no routing
Net op_b[4]: no routing
Net op_b[3]: no routing
Net op_b[2]: no routing
Net op_b[1]: no routing
Net op_b[0]: no routing
Net u_alu_adder_out[31]: no routing
Net u_alu_adder_out[30]: no routing
Net u_alu_adder_out[29]: no routing
Net u_alu_adder_out[28]: no routing
Net u_alu_adder_out[27]: no routing
Net u_alu_adder_out[26]: no routing
Net u_alu_adder_out[25]: no routing
Net u_alu_adder_out[24]: no routing
Net u_alu_adder_out[23]: no routing
Net u_alu_adder_out[22]: no routing
Net u_alu_adder_out[21]: no routing
Net u_alu_adder_out[20]: no routing
Net u_alu_adder_out[19]: no routing
Net u_alu_adder_out[18]: no routing
Net u_alu_adder_out[17]: no routing
Net u_alu_adder_out[16]: no routing
Net u_alu_adder_out[15]: no routing
Net u_alu_adder_out[14]: no routing
Net u_alu_adder_out[13]: no routing
Net u_alu_adder_out[12]: no routing
Net u_alu_adder_out[11]: no routing
Net u_alu_adder_out[10]: no routing
Net u_alu_adder_out[9]: no routing
Net u_alu_adder_out[8]: no routing
Net u_alu_adder_out[7]: no routing
Net u_alu_adder_out[6]: no routing
Net u_alu_adder_out[5]: no routing
Net u_alu_adder_out[4]: no routing
Net u_alu_adder_out[3]: no routing
Net u_alu_adder_out[2]: no routing
Net u_alu_adder_out[1]: no routing
Net u_alu_adder_out[0]: no routing
Net rs2_data[31]: no routing
Net rs2_data[30]: no routing
Net rs2_data[29]: no routing
Net rs2_data[28]: no routing
Net rs2_data[27]: no routing
Net rs2_data[26]: no routing
Net rs2_data[25]: no routing
Net rs2_data[24]: no routing
Net rs2_data[23]: no routing
Net rs2_data[22]: no routing
Net rs2_data[21]: no routing
Net rs2_data[20]: no routing
Net rs2_data[19]: no routing
Net rs2_data[18]: no routing
Net rs2_data[17]: no routing
Net rs2_data[16]: no routing
Net rs2_data[15]: no routing
Net rs2_data[14]: no routing
Net rs2_data[13]: no routing
Net rs2_data[12]: no routing
Net rs2_data[11]: no routing
Net rs2_data[10]: no routing
Net rs2_data[9]: no routing
Net rs2_data[8]: no routing
Net rs2_data[7]: no routing
Net rs2_data[6]: no routing
Net rs2_data[5]: no routing
Net rs2_data[4]: no routing
Net rs2_data[3]: no routing
Net rs2_data[2]: no routing
Net rs2_data[1]: no routing
Net rs2_data[0]: no routing
Net u_alu_op_b_eff[31]: no routing
Net addinc_ADD_TC_OP_1_n_0: no routing
Net addinc_ADD_TC_OP_1_n_2: no routing
Net addinc_ADD_TC_OP_1_n_4: no routing
Net addinc_ADD_TC_OP_1_n_6: no routing
Net addinc_ADD_TC_OP_1_n_8: no routing
Net addinc_ADD_TC_OP_1_n_10: no routing
Net addinc_ADD_TC_OP_1_n_12: no routing
Net addinc_ADD_TC_OP_1_n_14: no routing
Net addinc_ADD_TC_OP_1_n_16: no routing
Net addinc_ADD_TC_OP_1_n_18: no routing
Net addinc_ADD_TC_OP_1_n_20: no routing
Net addinc_ADD_TC_OP_1_n_22: no routing
Net addinc_ADD_TC_OP_1_n_24: no routing
Net addinc_ADD_TC_OP_1_n_26: no routing
Net addinc_ADD_TC_OP_1_n_28: no routing
Net addinc_ADD_TC_OP_1_n_30: no routing
Net addinc_ADD_TC_OP_1_n_32: no routing
Net addinc_ADD_TC_OP_1_n_34: no routing
Net addinc_ADD_TC_OP_1_n_36: no routing
Net addinc_ADD_TC_OP_1_n_38: no routing
Net addinc_ADD_TC_OP_1_n_40: no routing
Net addinc_ADD_TC_OP_1_n_42: no routing
Net addinc_ADD_TC_OP_1_n_44: no routing
Net addinc_ADD_TC_OP_1_n_46: no routing
Net addinc_ADD_TC_OP_1_n_48: no routing
Net addinc_ADD_TC_OP_1_n_50: no routing
Net addinc_ADD_TC_OP_1_n_52: no routing
Net addinc_ADD_TC_OP_1_n_54: no routing
Net addinc_ADD_TC_OP_1_n_56: no routing
Net addinc_ADD_TC_OP_1_n_58: no routing
Net addinc_ADD_TC_OP_1_n_60: no routing
Net n_0: no routing
Net n_1: no routing
Net n_2: no routing
Net n_3: no routing
Net n_4: no routing
Net n_5: no routing
Net n_6: no routing
Net n_7: no routing
Net n_8: no routing
Net n_9: no routing
Net n_10: no routing
Net n_11: no routing
Net n_12: no routing
Net n_14: no routing
Net n_15: no routing
Net n_16: no routing
Net n_17: no routing
Net n_22: no routing
Net n_23: no routing
Net n_24: no routing
Net n_25: no routing
Net n_26: no routing
Net n_27: no routing
Net n_28: no routing
Net n_29: no routing
Net n_30: no routing
Net n_31: no routing
Net n_32: no routing
Net n_33: no routing
Net n_34: no routing
Net n_35: no routing
Net n_36: no routing
Net n_37: no routing
Net n_38: no routing
Net n_39: no routing
Net n_40: no routing
Net n_41: no routing
Net n_42: no routing
Net n_43: no routing
Net n_44: no routing
Net n_45: no routing
Net n_46: no routing
Net n_47: no routing
Net n_48: no routing
Net n_49: no routing
Net n_50: no routing
Net n_51: no routing
Net n_52: no routing
Net n_53: no routing
Net n_54: no routing
Net n_55: no routing
Net n_56: no routing
Net n_57: no routing
Net n_58: no routing
Net n_59: no routing
Net n_60: no routing
Net n_61: no routing
Net n_62: no routing
Net n_63: no routing
Net n_64: no routing
Net n_65: no routing
Net n_66: no routing
Net n_67: no routing
Net n_68: no routing
Net n_69: no routing
Net n_79: no routing
Net n_80: no routing
Net n_81: no routing
Net n_82: no routing
Net n_83: no routing
Net n_84: no routing
Net n_85: no routing
Net n_86: no routing
Net n_87: no routing
Net n_88: no routing
Net n_89: no routing
Net n_90: no routing
Net n_91: no routing
Net n_92: no routing
Net n_93: no routing
Net n_94: no routing
Net n_95: no routing
Net n_96: no routing
Net n_97: no routing
Net n_98: no routing
Net n_99: no routing
Net n_100: no routing
Net n_101: no routing
Net n_102: no routing
Net n_103: no routing
Net n_104: no routing
Net n_105: no routing
Net n_106: no routing
Net n_107: no routing
Net n_108: no routing
Net n_109: no routing
Net n_110: no routing
Net n_111: no routing
Net n_112: no routing
Net n_113: no routing
Net n_114: no routing
Net n_115: no routing
Net n_116: no routing
Net n_117: no routing
Net n_118: no routing
Net n_119: no routing
Net n_120: no routing
Net n_121: no routing
Net n_122: no routing
Net n_123: no routing
Net n_124: no routing
Net n_125: no routing
Net n_126: no routing
Net n_127: no routing
Net n_128: no routing
Net n_129: no routing
Net n_130: no routing
Net n_131: no routing
Net n_132: no routing
Net n_133: no routing
Net n_134: no routing
Net n_135: no routing
Net n_136: no routing
Net n_137: no routing
Net n_138: no routing
Net n_139: no routing
Net n_140: no routing
Net n_141: no routing
Net n_142: no routing
Net n_143: no routing
Net n_144: no routing
Net n_145: no routing
Net n_146: no routing
Net n_147: no routing
Net n_148: no routing
Net n_149: no routing
Net n_150: no routing
Net n_151: no routing
Net n_155: no routing
Net n_156: no routing
Net n_157: no routing
Net n_163: no routing
Net n_164: no routing
Net n_165: no routing
Net n_166: no routing
Net n_167: no routing
Net n_168: no routing
Net n_169: no routing
Net n_170: no routing
Net n_171: no routing
Net n_172: no routing
Net n_173: no routing
Net n_174: no routing
Net n_175: no routing
Net n_176: no routing
Net n_177: no routing
Net n_178: no routing
Net n_179: no routing
Net n_180: no routing
Net n_181: no routing
Net n_182: no routing
Net n_183: no routing
Net n_184: no routing
Net n_185: no routing
Net n_186: no routing
Net n_187: no routing
Net n_188: no routing
Net n_189: no routing
Net n_190: no routing
Net n_191: no routing
Net n_192: no routing
Net n_193: no routing
Net n_194: no routing
Net n_195: no routing
Net n_196: no routing
Net n_197: no routing
Net n_198: no routing
Net n_199: no routing
Net n_200: no routing
Net n_201: no routing
Net n_202: no routing
Net n_203: no routing
Net n_204: no routing
Net n_205: no routing
Net n_206: no routing
Net n_207: no routing
Net n_208: no routing
Net n_209: no routing
Net n_210: no routing
Net n_211: no routing
Net n_212: no routing
Net n_213: no routing
Net n_214: no routing
Net n_215: no routing
Net n_216: no routing
Net n_217: no routing
Net n_218: no routing
Net n_219: no routing
Net n_220: no routing
Net n_221: no routing
Net n_222: no routing
Net n_223: no routing
Net n_224: no routing
Net n_225: no routing
Net n_226: no routing
Net n_227: no routing
Net n_228: no routing
Net n_239: no routing
Net n_240: no routing
Net n_241: no routing
Net n_242: no routing
Net n_243: no routing
Net n_244: no routing
Net n_245: no routing
Net n_246: no routing
Net n_247: no routing
Net n_248: no routing
Net n_250: no routing
Net n_251: no routing
Net n_252: no routing
Net n_254: no routing
Net n_255: no routing
Net n_256: no routing
Net n_257: no routing
Net n_258: no routing
Net n_259: no routing
Net n_260: no routing
Net n_261: no routing
Net n_262: no routing
Net n_263: no routing
Net n_264: no routing
Net n_265: no routing
Net n_266: no routing
Net n_267: no routing
Net n_268: no routing
Net n_269: no routing
Net n_271: no routing
Net n_274: no routing
Net n_276: no routing
Net n_277: no routing
Net n_278: no routing
Net n_280: no routing
Net n_282: no routing
Net n_283: no routing
Net n_284: no routing
Net n_285: no routing
Net n_286: no routing
Net n_287: no routing
Net n_321: no routing
Net n_322: no routing
Net n_323: no routing
Net n_324: no routing
Net n_325: no routing
Net n_326: no routing
Net n_327: no routing
Net n_328: no routing
Net n_329: no routing
Net n_330: no routing
Net n_331: no routing
Net n_332: no routing
Net n_333: no routing
Net n_334: no routing
Net n_335: no routing
Net n_336: no routing
Net n_337: no routing
Net n_338: no routing
Net n_339: no routing
Net n_340: no routing
Net n_341: no routing
Net n_342: no routing
Net n_343: no routing
Net n_344: no routing
Net n_345: no routing
Net n_346: no routing
Net n_347: no routing
Net n_348: no routing
Net n_349: no routing
Net n_350: no routing
Net n_351: no routing
Net n_352: no routing
Net n_353: no routing
Net n_354: no routing
Net n_355: no routing
Net n_356: no routing
Net n_357: no routing
Net n_358: no routing
Net n_359: no routing
Net n_360: no routing
Net n_361: no routing
Net n_456: no routing
Net n_457: no routing
Net n_458: no routing
Net n_459: no routing
Net n_460: no routing
Net n_461: no routing
Net n_462: no routing
Net n_463: no routing
Net n_464: no routing
Net n_465: no routing
Net n_466: no routing
Net n_467: no routing
Net n_468: no routing
Net n_469: no routing
Net n_470: no routing
Net n_471: no routing
Net n_472: no routing
Net n_473: no routing
Net n_474: no routing
Net n_475: no routing
Net n_476: no routing
Net n_477: no routing
Net n_478: no routing
Net n_479: no routing
Net n_480: no routing
Net n_481: no routing
Net n_482: no routing
Net n_483: no routing
Net u_alu_n_141: no routing
Net u_alu_n_145: no routing
Net u_alu_n_146: no routing
Net u_alu_n_150: no routing
Net u_alu_n_152: no routing
Net u_alu_n_153: no routing
Net u_alu_n_157: no routing
Net u_alu_n_159: no routing
Net u_alu_n_160: no routing
Net u_alu_n_164: no routing
Net u_alu_n_166: no routing
Net u_alu_n_167: no routing
Net u_alu_n_171: no routing
Net u_alu_n_173: no routing
Net u_alu_n_174: no routing
Net u_alu_n_178: no routing
Net u_alu_n_180: no routing
Net u_alu_n_181: no routing
Net u_alu_n_185: no routing
Net u_alu_n_187: no routing
Net u_alu_n_188: no routing
Net u_alu_n_192: no routing
Net u_alu_n_194: no routing
Net u_alu_n_195: no routing
Net u_alu_n_199: no routing
Net u_alu_n_201: no routing
Net u_alu_n_202: no routing
Net u_alu_n_206: no routing
Net u_alu_n_208: no routing
Net u_alu_n_209: no routing
Net u_alu_n_213: no routing
Net u_alu_n_215: no routing
Net u_alu_n_216: no routing
Net u_alu_n_220: no routing
Net u_alu_n_222: no routing
Net u_alu_n_223: no routing
Net u_alu_n_227: no routing
Net u_alu_n_229: no routing
Net u_alu_n_230: no routing
Net u_alu_n_234: no routing
Net u_alu_n_236: no routing
Net u_alu_n_237: no routing
Net u_alu_n_241: no routing
Net u_alu_n_243: no routing
Net u_alu_n_244: no routing
Net u_alu_n_248: no routing
Net u_alu_n_257: no routing
Net u_alu_n_258: no routing
Net u_alu_n_262: no routing
Net u_alu_n_264: no routing
Net u_alu_n_265: no routing
Net u_alu_n_271: no routing
Net u_alu_n_272: no routing
Net u_alu_n_276: no routing
Net u_alu_n_278: no routing
Net u_alu_n_279: no routing
Net u_alu_n_285: no routing
Net u_alu_n_286: no routing
Net u_alu_n_290: no routing
Net u_alu_n_292: no routing
Net u_alu_n_293: no routing
Net u_alu_n_299: no routing
Net u_alu_n_300: no routing
Net u_alu_n_304: no routing
Net u_alu_n_306: no routing
Net u_alu_n_307: no routing
Net u_alu_n_313: no routing
Net u_alu_n_314: no routing
Net u_alu_n_318: no routing
Net u_alu_n_320: no routing
Net u_alu_n_321: no routing
Net u_alu_n_327: no routing
Net u_alu_n_328: no routing
Net u_alu_n_332: no routing
Net u_alu_n_334: no routing
Net u_alu_n_335: no routing
Net u_alu_n_341: no routing
Net u_alu_n_342: no routing
Net u_alu_n_346: no routing
Net u_alu_n_348: no routing
Net u_alu_n_349: no routing
Net u_alu_n_355: no routing
Net u_alu_n_356: no routing
Net u_alu_n_360: no routing
Net u_alu_n_362: no routing
Net u_alu_n_452: no routing
Net u_alu_n_473: no routing
Net u_alu_sll_78_46_n_3: no routing
Net u_alu_sll_78_46_n_5: no routing
Net u_alu_sll_78_46_n_6: no routing
Net u_alu_sll_78_46_n_7: no routing
Net u_alu_sll_78_46_n_8: no routing
Net u_alu_sll_78_46_n_9: no routing
Net u_alu_sll_78_46_n_10: no routing
Net u_alu_sll_78_46_n_11: no routing
Net u_alu_sll_78_46_n_12: no routing
Net u_alu_sll_78_46_n_13: no routing
Net u_alu_sll_78_46_n_14: no routing
Net u_alu_sll_78_46_n_15: no routing
Net u_alu_sll_78_46_n_16: no routing
Net u_alu_sll_78_46_n_17: no routing
Net u_alu_sll_78_46_n_18: no routing
Net u_alu_sll_78_46_n_19: no routing
Net u_alu_sll_78_46_n_20: no routing
Net u_alu_sll_78_46_n_21: no routing
Net u_alu_sll_78_46_n_22: no routing
Net u_alu_sll_78_46_n_23: no routing
Net u_alu_sll_78_46_n_24: no routing
Net u_alu_sll_78_46_n_25: no routing
Net u_alu_sll_78_46_n_26: no routing
Net u_alu_sll_78_46_n_27: no routing
Net u_alu_sll_78_46_n_28: no routing
Net u_alu_sll_78_46_n_29: no routing
Net u_alu_sll_78_46_n_30: no routing
Net u_alu_sll_78_46_n_31: no routing
Net u_alu_sll_78_46_n_32: no routing
Net u_alu_sll_78_46_n_33: no routing
Net u_alu_sll_78_46_n_34: no routing
Net u_alu_sll_78_46_n_35: no routing
Net u_alu_sll_78_46_n_36: no routing
Net u_alu_sll_78_46_n_37: no routing
Net u_alu_sll_78_46_n_38: no routing
Net u_alu_sll_78_46_n_39: no routing
Net u_alu_sll_78_46_n_40: no routing
Net u_alu_sll_78_46_n_41: no routing
Net u_alu_sll_78_46_n_42: no routing
Net u_alu_sll_78_46_n_44: no routing
Net u_alu_sll_78_46_n_45: no routing
Net u_alu_sll_78_46_n_46: no routing
Net u_alu_sll_78_46_n_47: no routing
Net u_alu_sll_78_46_n_48: no routing
Net u_alu_sll_78_46_n_49: no routing
Net u_alu_sll_78_46_n_50: no routing
Net u_alu_sll_78_46_n_51: no routing
Net u_alu_sll_78_46_n_52: no routing
Net u_alu_sll_78_46_n_53: no routing
Net u_alu_sll_78_46_n_54: no routing
Net u_alu_sll_78_46_n_55: no routing
Net u_alu_sll_78_46_n_56: no routing
Net u_alu_sll_78_46_n_57: no routing
Net u_alu_sll_78_46_n_58: no routing
Net u_alu_sll_78_46_n_59: no routing
Net u_alu_sll_78_46_n_60: no routing
Net u_alu_sll_78_46_n_61: no routing
Net u_alu_sll_78_46_n_62: no routing
Net u_alu_sll_78_46_n_63: no routing
Net u_alu_sll_78_46_n_64: no routing
Net u_alu_sll_78_46_n_65: no routing
Net u_alu_sll_78_46_n_66: no routing
Net u_alu_sll_78_46_n_67: no routing
Net u_alu_sll_78_46_n_68: no routing
Net u_alu_sll_78_46_n_69: no routing
Net u_alu_sll_78_46_n_70: no routing
Net u_alu_sll_78_46_n_71: no routing
Net u_alu_sll_78_46_n_72: no routing
Net u_alu_sll_78_46_n_73: no routing
Net u_alu_sll_78_46_n_74: no routing
Net u_alu_sll_78_46_n_75: no routing
Net u_alu_sll_78_46_n_76: no routing
Net u_alu_sll_78_46_n_79: no routing
Net u_alu_sll_78_46_n_81: no routing
Net u_alu_sll_78_46_n_82: no routing
Net u_alu_sll_78_46_n_83: no routing
Net u_alu_sll_78_46_n_84: no routing
Net u_alu_sll_78_46_n_85: no routing
Net u_alu_sll_78_46_n_86: no routing
Net u_alu_sll_78_46_n_87: no routing
Net u_alu_sll_78_46_n_88: no routing
Net u_alu_sll_78_46_n_89: no routing
Net u_alu_sll_78_46_n_90: no routing
Net u_alu_sll_78_46_n_91: no routing
Net u_alu_sll_78_46_n_92: no routing
Net u_alu_sll_78_46_n_93: no routing
Net u_alu_sll_78_46_n_94: no routing
Net u_alu_sll_78_46_n_95: no routing
Net u_alu_sll_78_46_n_96: no routing
Net u_alu_sll_78_46_n_97: no routing
Net u_alu_sll_78_46_n_98: no routing
Net u_alu_sll_78_46_n_99: no routing
Net u_alu_sll_78_46_n_100: no routing
Net u_alu_sll_78_46_n_101: no routing
Net u_alu_sll_78_46_n_102: no routing
Net u_alu_sll_78_46_n_103: no routing
Net u_alu_sll_78_46_n_104: no routing
Net u_alu_sll_78_46_n_105: no routing
Net u_alu_sll_78_46_n_106: no routing
Net u_alu_sll_78_46_n_107: no routing
Net u_alu_sll_78_46_n_108: no routing
Net u_alu_sll_78_46_n_109: no routing
Net u_alu_sll_78_46_n_110: no routing
Net u_alu_sll_78_46_n_111: no routing
Net u_alu_sll_78_46_n_116: no routing
Net u_alu_sll_78_46_n_117: no routing
Net u_alu_sll_78_46_n_118: no routing
Net u_alu_sll_78_46_n_119: no routing
Net u_alu_sll_78_46_n_120: no routing
Net u_alu_sll_78_46_n_121: no routing
Net u_alu_sll_78_46_n_122: no routing
Net u_alu_sll_78_46_n_123: no routing
Net u_alu_sll_78_46_n_124: no routing
Net u_alu_sll_78_46_n_125: no routing
Net u_alu_sll_78_46_n_126: no routing
Net u_alu_sll_78_46_n_127: no routing
Net u_alu_sll_78_46_n_128: no routing
Net u_alu_sll_78_46_n_129: no routing
Net u_alu_sll_78_46_n_130: no routing
Net u_alu_sll_78_46_n_131: no routing
Net u_alu_sll_78_46_n_132: no routing
Net u_alu_sll_78_46_n_133: no routing
Net u_alu_sll_78_46_n_134: no routing
Net u_alu_sll_78_46_n_135: no routing
Net u_alu_sll_78_46_n_136: no routing
Net u_alu_sll_78_46_n_137: no routing
Net u_alu_sll_78_46_n_138: no routing
Net u_alu_sll_78_46_n_139: no routing
Net u_alu_sra_84_55_n_2: no routing
Net u_alu_sra_84_55_n_3: no routing
Net u_alu_sra_84_55_n_4: no routing
Net u_alu_sra_84_55_n_5: no routing
Net u_alu_sra_84_55_n_6: no routing
Net u_alu_sra_84_55_n_7: no routing
Net u_alu_sra_84_55_n_8: no routing
Net u_alu_sra_84_55_n_9: no routing
Net u_alu_sra_84_55_n_10: no routing
Net u_alu_sra_84_55_n_13: no routing
Net u_alu_sra_84_55_n_14: no routing
Net u_alu_sra_84_55_n_15: no routing
Net u_alu_sra_84_55_n_16: no routing
Net u_alu_sra_84_55_n_21: no routing
Net u_alu_sra_84_55_n_22: no routing
Net u_alu_sra_84_55_n_23: no routing
Net u_alu_sra_84_55_n_26: no routing
Net u_alu_sra_84_55_n_27: no routing
Net u_alu_sra_84_55_n_29: no routing
Net u_alu_sra_84_55_n_30: no routing
Net u_alu_sra_84_55_n_32: no routing
Net u_alu_sra_84_55_n_33: no routing
Net u_alu_sra_84_55_n_36: no routing
Net u_alu_sra_84_55_n_37: no routing
Net u_alu_sra_84_55_n_40: no routing
Net u_alu_sra_84_55_n_41: no routing
Net u_alu_sra_84_55_n_42: no routing
Net u_alu_sra_84_55_n_43: no routing
Net u_alu_sra_84_55_n_44: no routing
Net u_alu_sra_84_55_n_49: no routing
Net u_alu_sra_84_55_n_50: no routing
Net u_alu_sra_84_55_n_51: no routing
Net u_alu_sra_84_55_n_52: no routing
Net u_alu_sra_84_55_n_53: no routing
Net u_alu_sra_84_55_n_54: no routing
Net u_alu_sra_84_55_n_55: no routing
Net u_alu_sra_84_55_n_56: no routing
Net u_alu_sra_84_55_n_57: no routing
Net u_alu_sra_84_55_n_58: no routing
Net u_alu_sra_84_55_n_59: no routing
Net u_alu_sra_84_55_n_60: no routing
Net u_alu_sra_84_55_n_61: no routing
Net u_alu_sra_84_55_n_64: no routing
Net u_alu_sra_84_55_n_65: no routing

Begin Summary
    1000 Problem(s) (IMPVFC-98): Net has no global routing and no special routing.
    1000 total info(s) created.
End Summary
