============================================================
  Generated by:           Genus(TM) Synthesis Solution 25.13-s071_1
  Generated on:           Jun 01 2026  03:07:16 pm
  Module:                 riscv_top
  Operating conditions:   SPRAM_2048x36_max_SP 
  Interconnect mode:      global
  Area mode:              physical library
============================================================

Timing
--------

Clock  Period 
--------------
clk   50000.0 


  Cost    Critical         Violating 
 Group   Path Slack  TNS     Paths   
-------------------------------------
clk         27125.3   0.0          0 
default    No paths   0.0            
-------------------------------------
Total                 0.0          0 

Instance Count
--------------
Leaf Instance Count             4651 
Physical Instance count            0 
Sequential Instance Count        992 
Combinational Instance Count    3659 
Hierarchical Instance Count        1 

Area
----
Cell Area                          161710.976
Physical Cell Area                 0.000
Total Cell Area (Cell+Physical)    161710.976
Net Area                           86157.195
Total Area (Cell+Physical+Net)     247868.171

Max Fanout                         992 (clk_i)
Min Fanout                         1 (rs2_data[0])
Average Fanout                     3.6
Terms to net ratio                 4.5861
Terms to instance ratio            4.6768
Runtime                            60.470952000000004 seconds
Elapsed Runtime                    63 seconds
Genus peak memory usage            2953.36 
Innovus peak memory usage          no_value 
Hostname                           vlsi.iitgn.ac.in
