============================================================
  Generated by:           Genus(TM) Synthesis Solution 25.13-s071_1
  Generated on:           Jun 01 2026  03:07:16 pm
  Module:                 riscv_top
  Operating conditions:   SPRAM_2048x36_max_SP 
  Interconnect mode:      global
  Area mode:              physical library
============================================================


Path 1: MET (27125 ps) Late External Delay Assertion at pin overflow_o
          Group: clk
     Startpoint: (F) alu_op_i[1]
          Clock: (R) clk
       Endpoint: (R) overflow_o
          Clock: (R) clk

                     Capture       Launch     
        Clock Edge:+   50000            0     
        Drv Adjust:+       0            0     
       Src Latency:+       0            0     
       Net Latency:+       0 (I)        0 (I) 
           Arrival:=   50000            0     
                                              
      Output Delay:-    2000                  
     Required Time:=   48000                  
      Launch Clock:-       0                  
       Input Delay:-    2000                  
         Data Path:-   18875                  
             Slack:=   27125                  

Exceptions/Constraints:
  input_delay              2000            in_del_52_1   
  output_delay             2000            ou_del_91_1   

#------------------------------------------------------------------------------------------------------
#        Timing Point         Flags    Arc   Edge   Cell     Fanout  Load Trans Delay Arrival Instance 
#                                                                    (fF)  (ps)  (ps)   (ps)  Location 
#------------------------------------------------------------------------------------------------------
  alu_op_i[1]                 -       -      F     (arrival)      4  11.8     0     0    2000    (-,-) 
  g5974/ZN                    -       A1->ZN F     nd12d1         3  11.8   160   178    2178    (-,-) 
  g5953/ZN                    -       A1->ZN R     nr02d1        23  83.1  1754   864    3042    (-,-) 
  g5945/ZN                    -       I->ZN  F     inv0d0        10  38.8   983   688    3730    (-,-) 
  g5925/ZN                    -       B1->ZN R     oai321d1       1   3.2  1070   449    4179    (-,-) 
  g5920/ZN                    -       A->ZN  F     aoi321d1       1   3.0   543   141    4320    (-,-) 
  g5911/ZN                    -       A->ZN  R     oaim211d2     35 180.8  1055   803    5123    (-,-) 
  u_rf/g19385/Z               -       B1->Z  R     aor22d1        1   3.2   148   306    5430    (-,-) 
  g4299/ZN                    -       B1->ZN R     oaim21d2      81 418.4  2420  1354    6784    (-,-) 
  g4944/Z                     -       A1->Z  F     xr02d1         1  12.4   188   461    7244    (-,-) 
  addinc_ADD_TC_OP_1_g5497/CO -       CI->CO F     ad01d1         1  12.4   210   385    7629    (-,-) 
  addinc_ADD_TC_OP_1_g5496/CO -       CI->CO F     ad01d1         1  12.4   210   389    8018    (-,-) 
  addinc_ADD_TC_OP_1_g5495/CO -       CI->CO F     ad01d1         1  12.4   210   389    8406    (-,-) 
  addinc_ADD_TC_OP_1_g5494/CO -       CI->CO F     ad01d1         1  12.4   210   389    8795    (-,-) 
  addinc_ADD_TC_OP_1_g5493/CO -       CI->CO F     ad01d1         1  12.4   210   389    9184    (-,-) 
  addinc_ADD_TC_OP_1_g5492/CO -       CI->CO F     ad01d1         1  12.4   210   389    9572    (-,-) 
  addinc_ADD_TC_OP_1_g5491/CO -       CI->CO F     ad01d1         1  12.4   210   389    9961    (-,-) 
  addinc_ADD_TC_OP_1_g5490/CO -       CI->CO F     ad01d1         1  12.4   210   389   10350    (-,-) 
  addinc_ADD_TC_OP_1_g5489/CO -       CI->CO F     ad01d1         1  12.4   210   389   10739    (-,-) 
  addinc_ADD_TC_OP_1_g5488/CO -       CI->CO F     ad01d1         1  12.4   210   389   11127    (-,-) 
  addinc_ADD_TC_OP_1_g5487/CO -       CI->CO F     ad01d1         1  12.4   210   389   11516    (-,-) 
  addinc_ADD_TC_OP_1_g5486/CO -       CI->CO F     ad01d1         1  12.4   210   389   11905    (-,-) 
  addinc_ADD_TC_OP_1_g5485/CO -       CI->CO F     ad01d1         1  12.4   210   389   12293    (-,-) 
  addinc_ADD_TC_OP_1_g5484/CO -       CI->CO F     ad01d1         1  12.4   210   389   12682    (-,-) 
  addinc_ADD_TC_OP_1_g5483/CO -       CI->CO F     ad01d1         1  12.4   210   389   13071    (-,-) 
  addinc_ADD_TC_OP_1_g5482/CO -       CI->CO F     ad01d1         1  16.6   235   411   13482    (-,-) 
  addinc_ADD_TC_OP_1_g5481/CO -       B->CO  F     ad01d1         1  12.4   210   553   14035    (-,-) 
  addinc_ADD_TC_OP_1_g5480/CO -       CI->CO F     ad01d1         1  12.4   210   389   14424    (-,-) 
  addinc_ADD_TC_OP_1_g5479/CO -       CI->CO F     ad01d1         1  12.4   210   389   14812    (-,-) 
  addinc_ADD_TC_OP_1_g5478/CO -       CI->CO F     ad01d1         1  12.4   210   389   15201    (-,-) 
  addinc_ADD_TC_OP_1_g5477/CO -       CI->CO F     ad01d1         1  12.4   210   389   15590    (-,-) 
  addinc_ADD_TC_OP_1_g5476/CO -       CI->CO F     ad01d1         1  12.4   210   389   15978    (-,-) 
  addinc_ADD_TC_OP_1_g5475/CO -       CI->CO F     ad01d1         1  12.4   210   389   16367    (-,-) 
  addinc_ADD_TC_OP_1_g5474/CO -       CI->CO F     ad01d1         1  12.4   210   389   16756    (-,-) 
  addinc_ADD_TC_OP_1_g5473/CO -       CI->CO F     ad01d1         1  12.4   210   389   17144    (-,-) 
  addinc_ADD_TC_OP_1_g5472/CO -       CI->CO F     ad01d1         1  12.4   210   389   17533    (-,-) 
  addinc_ADD_TC_OP_1_g5471/CO -       CI->CO F     ad01d1         1  12.4   210   389   17922    (-,-) 
  addinc_ADD_TC_OP_1_g5470/CO -       CI->CO F     ad01d1         1  12.4   210   389   18311    (-,-) 
  addinc_ADD_TC_OP_1_g5469/CO -       CI->CO F     ad01d1         1  12.4   210   389   18699    (-,-) 
  addinc_ADD_TC_OP_1_g5468/CO -       CI->CO F     ad01d1         1  12.4   210   389   19088    (-,-) 
  addinc_ADD_TC_OP_1_g5467/CO -       CI->CO F     ad01d1         1  12.4   210   389   19477    (-,-) 
  addinc_ADD_TC_OP_1_g5466/S  -       CI->S  R     ad01d1         4  12.9   220   596   20073    (-,-) 
  g4235/ZN                    -       A1->ZN F     xn02d1         1   3.8   105   257   20330    (-,-) 
  g4234/ZN                    -       A2->ZN R     nr02d1         2  52.0  1134   545   20874    (-,-) 
  overflow_o                  <<<     -      R     (port)         -     -     -     0   20875    (-,-) 
#------------------------------------------------------------------------------------------------------

